<?xml version="1.0" encoding="UTF-8"?>
<!-- Generated by org.testng.reporters.JUnitXMLReporter -->
<testsuite hostname="DLLA1421" name="Default test" tests="3" failures="0" timestamp="7 Mar 2017 10:12:02 GMT" time="31.753" errors="0">
  <testcase name="VerifyTitle" time="0.042" classname="Test_Cases.testcases"/>
  <testcase name="Login" time="5.922" classname="Test_Cases.testcases"/>
  <testcase name="ComposeEmail" time="19.484" classname="Test_Cases.testcases"/>
</testsuite> <!-- Default test -->
